[2024-01-27T02:18:31.142+0000] {processor.py:161} INFO - Started process (PID=169) to work on /opt/airflow/dags/dog_api_pipeline.py
[2024-01-27T02:18:31.146+0000] {processor.py:830} INFO - Processing file /opt/airflow/dags/dog_api_pipeline.py for tasks to queue
[2024-01-27T02:18:31.151+0000] {logging_mixin.py:188} INFO - [2024-01-27T02:18:31.150+0000] {dagbag.py:538} INFO - Filling up the DagBag from /opt/airflow/dags/dog_api_pipeline.py
[2024-01-27T02:18:31.216+0000] {processor.py:840} INFO - DAG(s) 'dog_api_pipeline' retrieved from /opt/airflow/dags/dog_api_pipeline.py
[2024-01-27T02:18:31.357+0000] {logging_mixin.py:188} INFO - [2024-01-27T02:18:31.356+0000] {dag.py:3033} INFO - Sync 1 DAGs
[2024-01-27T02:18:31.374+0000] {logging_mixin.py:188} INFO - [2024-01-27T02:18:31.373+0000] {dag.py:3820} INFO - Setting next_dagrun for dog_api_pipeline to None, run_after=None
[2024-01-27T02:18:31.426+0000] {processor.py:183} INFO - Processing /opt/airflow/dags/dog_api_pipeline.py took 0.289 seconds
[2024-01-27T02:19:01.574+0000] {processor.py:161} INFO - Started process (PID=192) to work on /opt/airflow/dags/dog_api_pipeline.py
[2024-01-27T02:19:01.575+0000] {processor.py:830} INFO - Processing file /opt/airflow/dags/dog_api_pipeline.py for tasks to queue
[2024-01-27T02:19:01.576+0000] {logging_mixin.py:188} INFO - [2024-01-27T02:19:01.575+0000] {dagbag.py:538} INFO - Filling up the DagBag from /opt/airflow/dags/dog_api_pipeline.py
[2024-01-27T02:19:01.582+0000] {processor.py:840} INFO - DAG(s) 'dog_api_pipeline' retrieved from /opt/airflow/dags/dog_api_pipeline.py
[2024-01-27T02:19:01.606+0000] {logging_mixin.py:188} INFO - [2024-01-27T02:19:01.606+0000] {dag.py:3033} INFO - Sync 1 DAGs
[2024-01-27T02:19:01.617+0000] {logging_mixin.py:188} INFO - [2024-01-27T02:19:01.617+0000] {dag.py:3820} INFO - Setting next_dagrun for dog_api_pipeline to None, run_after=None
[2024-01-27T02:19:01.635+0000] {processor.py:183} INFO - Processing /opt/airflow/dags/dog_api_pipeline.py took 0.065 seconds
[2024-01-27T02:19:31.737+0000] {processor.py:161} INFO - Started process (PID=215) to work on /opt/airflow/dags/dog_api_pipeline.py
[2024-01-27T02:19:31.738+0000] {processor.py:830} INFO - Processing file /opt/airflow/dags/dog_api_pipeline.py for tasks to queue
[2024-01-27T02:19:31.738+0000] {logging_mixin.py:188} INFO - [2024-01-27T02:19:31.738+0000] {dagbag.py:538} INFO - Filling up the DagBag from /opt/airflow/dags/dog_api_pipeline.py
[2024-01-27T02:19:31.745+0000] {processor.py:840} INFO - DAG(s) 'dog_api_pipeline' retrieved from /opt/airflow/dags/dog_api_pipeline.py
[2024-01-27T02:19:31.767+0000] {logging_mixin.py:188} INFO - [2024-01-27T02:19:31.767+0000] {dag.py:3033} INFO - Sync 1 DAGs
[2024-01-27T02:19:31.777+0000] {logging_mixin.py:188} INFO - [2024-01-27T02:19:31.777+0000] {dag.py:3820} INFO - Setting next_dagrun for dog_api_pipeline to None, run_after=None
[2024-01-27T02:19:31.796+0000] {processor.py:183} INFO - Processing /opt/airflow/dags/dog_api_pipeline.py took 0.062 seconds
[2024-01-27T02:20:01.884+0000] {processor.py:161} INFO - Started process (PID=247) to work on /opt/airflow/dags/dog_api_pipeline.py
[2024-01-27T02:20:01.884+0000] {processor.py:830} INFO - Processing file /opt/airflow/dags/dog_api_pipeline.py for tasks to queue
[2024-01-27T02:20:01.885+0000] {logging_mixin.py:188} INFO - [2024-01-27T02:20:01.885+0000] {dagbag.py:538} INFO - Filling up the DagBag from /opt/airflow/dags/dog_api_pipeline.py
[2024-01-27T02:20:01.894+0000] {processor.py:840} INFO - DAG(s) 'dog_api_pipeline' retrieved from /opt/airflow/dags/dog_api_pipeline.py
[2024-01-27T02:20:01.939+0000] {logging_mixin.py:188} INFO - [2024-01-27T02:20:01.939+0000] {dag.py:3033} INFO - Sync 1 DAGs
[2024-01-27T02:20:01.953+0000] {logging_mixin.py:188} INFO - [2024-01-27T02:20:01.953+0000] {dag.py:3820} INFO - Setting next_dagrun for dog_api_pipeline to None, run_after=None
[2024-01-27T02:20:01.979+0000] {processor.py:183} INFO - Processing /opt/airflow/dags/dog_api_pipeline.py took 0.098 seconds
[2024-01-27T02:20:32.061+0000] {processor.py:161} INFO - Started process (PID=270) to work on /opt/airflow/dags/dog_api_pipeline.py
[2024-01-27T02:20:32.062+0000] {processor.py:830} INFO - Processing file /opt/airflow/dags/dog_api_pipeline.py for tasks to queue
[2024-01-27T02:20:32.064+0000] {logging_mixin.py:188} INFO - [2024-01-27T02:20:32.064+0000] {dagbag.py:538} INFO - Filling up the DagBag from /opt/airflow/dags/dog_api_pipeline.py
[2024-01-27T02:20:32.075+0000] {processor.py:840} INFO - DAG(s) 'dog_api_pipeline' retrieved from /opt/airflow/dags/dog_api_pipeline.py
[2024-01-27T02:20:32.098+0000] {logging_mixin.py:188} INFO - [2024-01-27T02:20:32.098+0000] {dag.py:3033} INFO - Sync 1 DAGs
[2024-01-27T02:20:32.111+0000] {logging_mixin.py:188} INFO - [2024-01-27T02:20:32.110+0000] {dag.py:3820} INFO - Setting next_dagrun for dog_api_pipeline to None, run_after=None
[2024-01-27T02:20:32.137+0000] {processor.py:183} INFO - Processing /opt/airflow/dags/dog_api_pipeline.py took 0.083 seconds
[2024-01-27T02:21:02.243+0000] {processor.py:161} INFO - Started process (PID=291) to work on /opt/airflow/dags/dog_api_pipeline.py
[2024-01-27T02:21:02.244+0000] {processor.py:830} INFO - Processing file /opt/airflow/dags/dog_api_pipeline.py for tasks to queue
[2024-01-27T02:21:02.244+0000] {logging_mixin.py:188} INFO - [2024-01-27T02:21:02.244+0000] {dagbag.py:538} INFO - Filling up the DagBag from /opt/airflow/dags/dog_api_pipeline.py
[2024-01-27T02:21:02.251+0000] {processor.py:840} INFO - DAG(s) 'dog_api_pipeline' retrieved from /opt/airflow/dags/dog_api_pipeline.py
[2024-01-27T02:21:02.272+0000] {logging_mixin.py:188} INFO - [2024-01-27T02:21:02.272+0000] {dag.py:3033} INFO - Sync 1 DAGs
[2024-01-27T02:21:02.283+0000] {logging_mixin.py:188} INFO - [2024-01-27T02:21:02.283+0000] {dag.py:3820} INFO - Setting next_dagrun for dog_api_pipeline to None, run_after=None
[2024-01-27T02:21:02.302+0000] {processor.py:183} INFO - Processing /opt/airflow/dags/dog_api_pipeline.py took 0.062 seconds
[2024-01-27T02:21:32.392+0000] {processor.py:161} INFO - Started process (PID=322) to work on /opt/airflow/dags/dog_api_pipeline.py
[2024-01-27T02:21:32.392+0000] {processor.py:830} INFO - Processing file /opt/airflow/dags/dog_api_pipeline.py for tasks to queue
[2024-01-27T02:21:32.393+0000] {logging_mixin.py:188} INFO - [2024-01-27T02:21:32.393+0000] {dagbag.py:538} INFO - Filling up the DagBag from /opt/airflow/dags/dog_api_pipeline.py
[2024-01-27T02:21:32.407+0000] {processor.py:840} INFO - DAG(s) 'dog_api_pipeline' retrieved from /opt/airflow/dags/dog_api_pipeline.py
[2024-01-27T02:21:32.434+0000] {logging_mixin.py:188} INFO - [2024-01-27T02:21:32.433+0000] {dag.py:3033} INFO - Sync 1 DAGs
[2024-01-27T02:21:32.444+0000] {logging_mixin.py:188} INFO - [2024-01-27T02:21:32.444+0000] {dag.py:3820} INFO - Setting next_dagrun for dog_api_pipeline to None, run_after=None
[2024-01-27T02:21:32.464+0000] {processor.py:183} INFO - Processing /opt/airflow/dags/dog_api_pipeline.py took 0.075 seconds
[2024-01-27T02:22:02.553+0000] {processor.py:161} INFO - Started process (PID=343) to work on /opt/airflow/dags/dog_api_pipeline.py
[2024-01-27T02:22:02.554+0000] {processor.py:830} INFO - Processing file /opt/airflow/dags/dog_api_pipeline.py for tasks to queue
[2024-01-27T02:22:02.554+0000] {logging_mixin.py:188} INFO - [2024-01-27T02:22:02.554+0000] {dagbag.py:538} INFO - Filling up the DagBag from /opt/airflow/dags/dog_api_pipeline.py
[2024-01-27T02:22:02.562+0000] {processor.py:840} INFO - DAG(s) 'dog_api_pipeline' retrieved from /opt/airflow/dags/dog_api_pipeline.py
[2024-01-27T02:22:02.583+0000] {logging_mixin.py:188} INFO - [2024-01-27T02:22:02.583+0000] {dag.py:3033} INFO - Sync 1 DAGs
[2024-01-27T02:22:02.593+0000] {logging_mixin.py:188} INFO - [2024-01-27T02:22:02.593+0000] {dag.py:3820} INFO - Setting next_dagrun for dog_api_pipeline to None, run_after=None
[2024-01-27T02:22:02.610+0000] {processor.py:183} INFO - Processing /opt/airflow/dags/dog_api_pipeline.py took 0.060 seconds
[2024-01-27T02:22:32.715+0000] {processor.py:161} INFO - Started process (PID=365) to work on /opt/airflow/dags/dog_api_pipeline.py
[2024-01-27T02:22:32.715+0000] {processor.py:830} INFO - Processing file /opt/airflow/dags/dog_api_pipeline.py for tasks to queue
[2024-01-27T02:22:32.716+0000] {logging_mixin.py:188} INFO - [2024-01-27T02:22:32.716+0000] {dagbag.py:538} INFO - Filling up the DagBag from /opt/airflow/dags/dog_api_pipeline.py
[2024-01-27T02:22:32.723+0000] {processor.py:840} INFO - DAG(s) 'dog_api_pipeline' retrieved from /opt/airflow/dags/dog_api_pipeline.py
[2024-01-27T02:22:32.744+0000] {logging_mixin.py:188} INFO - [2024-01-27T02:22:32.744+0000] {dag.py:3033} INFO - Sync 1 DAGs
[2024-01-27T02:22:32.754+0000] {logging_mixin.py:188} INFO - [2024-01-27T02:22:32.754+0000] {dag.py:3820} INFO - Setting next_dagrun for dog_api_pipeline to None, run_after=None
[2024-01-27T02:22:32.771+0000] {processor.py:183} INFO - Processing /opt/airflow/dags/dog_api_pipeline.py took 0.060 seconds
[2024-01-27T02:23:02.882+0000] {processor.py:161} INFO - Started process (PID=396) to work on /opt/airflow/dags/dog_api_pipeline.py
[2024-01-27T02:23:02.883+0000] {processor.py:830} INFO - Processing file /opt/airflow/dags/dog_api_pipeline.py for tasks to queue
[2024-01-27T02:23:02.883+0000] {logging_mixin.py:188} INFO - [2024-01-27T02:23:02.883+0000] {dagbag.py:538} INFO - Filling up the DagBag from /opt/airflow/dags/dog_api_pipeline.py
[2024-01-27T02:23:02.890+0000] {processor.py:840} INFO - DAG(s) 'dog_api_pipeline' retrieved from /opt/airflow/dags/dog_api_pipeline.py
[2024-01-27T02:23:02.912+0000] {logging_mixin.py:188} INFO - [2024-01-27T02:23:02.912+0000] {dag.py:3033} INFO - Sync 1 DAGs
[2024-01-27T02:23:02.922+0000] {logging_mixin.py:188} INFO - [2024-01-27T02:23:02.922+0000] {dag.py:3820} INFO - Setting next_dagrun for dog_api_pipeline to None, run_after=None
[2024-01-27T02:23:02.942+0000] {processor.py:183} INFO - Processing /opt/airflow/dags/dog_api_pipeline.py took 0.063 seconds
[2024-01-27T02:23:33.036+0000] {processor.py:161} INFO - Started process (PID=418) to work on /opt/airflow/dags/dog_api_pipeline.py
[2024-01-27T02:23:33.036+0000] {processor.py:830} INFO - Processing file /opt/airflow/dags/dog_api_pipeline.py for tasks to queue
[2024-01-27T02:23:33.038+0000] {logging_mixin.py:188} INFO - [2024-01-27T02:23:33.037+0000] {dagbag.py:538} INFO - Filling up the DagBag from /opt/airflow/dags/dog_api_pipeline.py
[2024-01-27T02:23:33.044+0000] {processor.py:840} INFO - DAG(s) 'dog_api_pipeline' retrieved from /opt/airflow/dags/dog_api_pipeline.py
[2024-01-27T02:23:33.079+0000] {logging_mixin.py:188} INFO - [2024-01-27T02:23:33.079+0000] {dag.py:3033} INFO - Sync 1 DAGs
[2024-01-27T02:23:33.096+0000] {logging_mixin.py:188} INFO - [2024-01-27T02:23:33.095+0000] {dag.py:3820} INFO - Setting next_dagrun for dog_api_pipeline to None, run_after=None
[2024-01-27T02:23:33.121+0000] {processor.py:183} INFO - Processing /opt/airflow/dags/dog_api_pipeline.py took 0.089 seconds
[2024-01-27T02:24:03.198+0000] {processor.py:161} INFO - Started process (PID=441) to work on /opt/airflow/dags/dog_api_pipeline.py
[2024-01-27T02:24:03.198+0000] {processor.py:830} INFO - Processing file /opt/airflow/dags/dog_api_pipeline.py for tasks to queue
[2024-01-27T02:24:03.199+0000] {logging_mixin.py:188} INFO - [2024-01-27T02:24:03.199+0000] {dagbag.py:538} INFO - Filling up the DagBag from /opt/airflow/dags/dog_api_pipeline.py
[2024-01-27T02:24:03.206+0000] {processor.py:840} INFO - DAG(s) 'dog_api_pipeline' retrieved from /opt/airflow/dags/dog_api_pipeline.py
[2024-01-27T02:24:03.228+0000] {logging_mixin.py:188} INFO - [2024-01-27T02:24:03.228+0000] {dag.py:3033} INFO - Sync 1 DAGs
[2024-01-27T02:24:03.240+0000] {logging_mixin.py:188} INFO - [2024-01-27T02:24:03.239+0000] {dag.py:3820} INFO - Setting next_dagrun for dog_api_pipeline to None, run_after=None
[2024-01-27T02:24:03.258+0000] {processor.py:183} INFO - Processing /opt/airflow/dags/dog_api_pipeline.py took 0.062 seconds
[2024-01-27T02:24:33.420+0000] {processor.py:161} INFO - Started process (PID=472) to work on /opt/airflow/dags/dog_api_pipeline.py
[2024-01-27T02:24:33.421+0000] {processor.py:830} INFO - Processing file /opt/airflow/dags/dog_api_pipeline.py for tasks to queue
[2024-01-27T02:24:33.422+0000] {logging_mixin.py:188} INFO - [2024-01-27T02:24:33.421+0000] {dagbag.py:538} INFO - Filling up the DagBag from /opt/airflow/dags/dog_api_pipeline.py
[2024-01-27T02:24:33.433+0000] {processor.py:840} INFO - DAG(s) 'dog_api_pipeline' retrieved from /opt/airflow/dags/dog_api_pipeline.py
[2024-01-27T02:24:33.467+0000] {logging_mixin.py:188} INFO - [2024-01-27T02:24:33.466+0000] {dag.py:3033} INFO - Sync 1 DAGs
[2024-01-27T02:24:33.484+0000] {logging_mixin.py:188} INFO - [2024-01-27T02:24:33.484+0000] {dag.py:3820} INFO - Setting next_dagrun for dog_api_pipeline to None, run_after=None
[2024-01-27T02:24:33.508+0000] {processor.py:183} INFO - Processing /opt/airflow/dags/dog_api_pipeline.py took 0.092 seconds
[2024-01-27T02:25:03.555+0000] {processor.py:161} INFO - Started process (PID=493) to work on /opt/airflow/dags/dog_api_pipeline.py
[2024-01-27T02:25:03.556+0000] {processor.py:830} INFO - Processing file /opt/airflow/dags/dog_api_pipeline.py for tasks to queue
[2024-01-27T02:25:03.557+0000] {logging_mixin.py:188} INFO - [2024-01-27T02:25:03.557+0000] {dagbag.py:538} INFO - Filling up the DagBag from /opt/airflow/dags/dog_api_pipeline.py
[2024-01-27T02:25:03.568+0000] {processor.py:840} INFO - DAG(s) 'dog_api_pipeline' retrieved from /opt/airflow/dags/dog_api_pipeline.py
[2024-01-27T02:25:03.591+0000] {logging_mixin.py:188} INFO - [2024-01-27T02:25:03.591+0000] {dag.py:3033} INFO - Sync 1 DAGs
[2024-01-27T02:25:03.601+0000] {logging_mixin.py:188} INFO - [2024-01-27T02:25:03.601+0000] {dag.py:3820} INFO - Setting next_dagrun for dog_api_pipeline to None, run_after=None
[2024-01-27T02:25:03.619+0000] {processor.py:183} INFO - Processing /opt/airflow/dags/dog_api_pipeline.py took 0.067 seconds
[2024-01-27T02:25:33.773+0000] {processor.py:161} INFO - Started process (PID=522) to work on /opt/airflow/dags/dog_api_pipeline.py
[2024-01-27T02:25:33.774+0000] {processor.py:830} INFO - Processing file /opt/airflow/dags/dog_api_pipeline.py for tasks to queue
[2024-01-27T02:25:33.775+0000] {logging_mixin.py:188} INFO - [2024-01-27T02:25:33.775+0000] {dagbag.py:538} INFO - Filling up the DagBag from /opt/airflow/dags/dog_api_pipeline.py
[2024-01-27T02:25:33.784+0000] {processor.py:840} INFO - DAG(s) 'dog_api_pipeline' retrieved from /opt/airflow/dags/dog_api_pipeline.py
[2024-01-27T02:25:33.815+0000] {logging_mixin.py:188} INFO - [2024-01-27T02:25:33.814+0000] {dag.py:3033} INFO - Sync 1 DAGs
[2024-01-27T02:25:33.830+0000] {logging_mixin.py:188} INFO - [2024-01-27T02:25:33.830+0000] {dag.py:3820} INFO - Setting next_dagrun for dog_api_pipeline to None, run_after=None
[2024-01-27T02:25:33.854+0000] {processor.py:183} INFO - Processing /opt/airflow/dags/dog_api_pipeline.py took 0.083 seconds
[2024-01-27T02:26:03.922+0000] {processor.py:161} INFO - Started process (PID=545) to work on /opt/airflow/dags/dog_api_pipeline.py
[2024-01-27T02:26:03.922+0000] {processor.py:830} INFO - Processing file /opt/airflow/dags/dog_api_pipeline.py for tasks to queue
[2024-01-27T02:26:03.923+0000] {logging_mixin.py:188} INFO - [2024-01-27T02:26:03.923+0000] {dagbag.py:538} INFO - Filling up the DagBag from /opt/airflow/dags/dog_api_pipeline.py
[2024-01-27T02:26:03.929+0000] {processor.py:840} INFO - DAG(s) 'dog_api_pipeline' retrieved from /opt/airflow/dags/dog_api_pipeline.py
[2024-01-27T02:26:03.952+0000] {logging_mixin.py:188} INFO - [2024-01-27T02:26:03.952+0000] {dag.py:3033} INFO - Sync 1 DAGs
[2024-01-27T02:26:03.963+0000] {logging_mixin.py:188} INFO - [2024-01-27T02:26:03.963+0000] {dag.py:3820} INFO - Setting next_dagrun for dog_api_pipeline to None, run_after=None
[2024-01-27T02:26:03.981+0000] {processor.py:183} INFO - Processing /opt/airflow/dags/dog_api_pipeline.py took 0.063 seconds
[2024-01-27T02:26:34.119+0000] {processor.py:161} INFO - Started process (PID=568) to work on /opt/airflow/dags/dog_api_pipeline.py
[2024-01-27T02:26:34.119+0000] {processor.py:830} INFO - Processing file /opt/airflow/dags/dog_api_pipeline.py for tasks to queue
[2024-01-27T02:26:34.120+0000] {logging_mixin.py:188} INFO - [2024-01-27T02:26:34.120+0000] {dagbag.py:538} INFO - Filling up the DagBag from /opt/airflow/dags/dog_api_pipeline.py
[2024-01-27T02:26:34.127+0000] {processor.py:840} INFO - DAG(s) 'dog_api_pipeline' retrieved from /opt/airflow/dags/dog_api_pipeline.py
[2024-01-27T02:26:34.148+0000] {logging_mixin.py:188} INFO - [2024-01-27T02:26:34.148+0000] {dag.py:3033} INFO - Sync 1 DAGs
[2024-01-27T02:26:34.158+0000] {logging_mixin.py:188} INFO - [2024-01-27T02:26:34.158+0000] {dag.py:3820} INFO - Setting next_dagrun for dog_api_pipeline to None, run_after=None
[2024-01-27T02:26:34.178+0000] {processor.py:183} INFO - Processing /opt/airflow/dags/dog_api_pipeline.py took 0.063 seconds
[2024-01-27T02:27:04.263+0000] {processor.py:161} INFO - Started process (PID=600) to work on /opt/airflow/dags/dog_api_pipeline.py
[2024-01-27T02:27:04.264+0000] {processor.py:830} INFO - Processing file /opt/airflow/dags/dog_api_pipeline.py for tasks to queue
[2024-01-27T02:27:04.265+0000] {logging_mixin.py:188} INFO - [2024-01-27T02:27:04.264+0000] {dagbag.py:538} INFO - Filling up the DagBag from /opt/airflow/dags/dog_api_pipeline.py
[2024-01-27T02:27:04.275+0000] {processor.py:840} INFO - DAG(s) 'dog_api_pipeline' retrieved from /opt/airflow/dags/dog_api_pipeline.py
[2024-01-27T02:27:04.310+0000] {logging_mixin.py:188} INFO - [2024-01-27T02:27:04.309+0000] {dag.py:3033} INFO - Sync 1 DAGs
[2024-01-27T02:27:04.330+0000] {logging_mixin.py:188} INFO - [2024-01-27T02:27:04.330+0000] {dag.py:3820} INFO - Setting next_dagrun for dog_api_pipeline to None, run_after=None
[2024-01-27T02:27:04.357+0000] {processor.py:183} INFO - Processing /opt/airflow/dags/dog_api_pipeline.py took 0.098 seconds
[2024-01-27T02:27:34.413+0000] {processor.py:161} INFO - Started process (PID=622) to work on /opt/airflow/dags/dog_api_pipeline.py
[2024-01-27T02:27:34.414+0000] {processor.py:830} INFO - Processing file /opt/airflow/dags/dog_api_pipeline.py for tasks to queue
[2024-01-27T02:27:34.414+0000] {logging_mixin.py:188} INFO - [2024-01-27T02:27:34.414+0000] {dagbag.py:538} INFO - Filling up the DagBag from /opt/airflow/dags/dog_api_pipeline.py
[2024-01-27T02:27:34.421+0000] {processor.py:840} INFO - DAG(s) 'dog_api_pipeline' retrieved from /opt/airflow/dags/dog_api_pipeline.py
[2024-01-27T02:27:34.443+0000] {logging_mixin.py:188} INFO - [2024-01-27T02:27:34.443+0000] {dag.py:3033} INFO - Sync 1 DAGs
[2024-01-27T02:27:34.454+0000] {logging_mixin.py:188} INFO - [2024-01-27T02:27:34.453+0000] {dag.py:3820} INFO - Setting next_dagrun for dog_api_pipeline to None, run_after=None
[2024-01-27T02:27:34.474+0000] {processor.py:183} INFO - Processing /opt/airflow/dags/dog_api_pipeline.py took 0.063 seconds
[2024-01-27T02:28:04.602+0000] {processor.py:161} INFO - Started process (PID=644) to work on /opt/airflow/dags/dog_api_pipeline.py
[2024-01-27T02:28:04.603+0000] {processor.py:830} INFO - Processing file /opt/airflow/dags/dog_api_pipeline.py for tasks to queue
[2024-01-27T02:28:04.603+0000] {logging_mixin.py:188} INFO - [2024-01-27T02:28:04.603+0000] {dagbag.py:538} INFO - Filling up the DagBag from /opt/airflow/dags/dog_api_pipeline.py
[2024-01-27T02:28:04.610+0000] {processor.py:840} INFO - DAG(s) 'dog_api_pipeline' retrieved from /opt/airflow/dags/dog_api_pipeline.py
[2024-01-27T02:28:04.632+0000] {logging_mixin.py:188} INFO - [2024-01-27T02:28:04.632+0000] {dag.py:3033} INFO - Sync 1 DAGs
[2024-01-27T02:28:04.642+0000] {logging_mixin.py:188} INFO - [2024-01-27T02:28:04.642+0000] {dag.py:3820} INFO - Setting next_dagrun for dog_api_pipeline to None, run_after=None
[2024-01-27T02:28:04.663+0000] {processor.py:183} INFO - Processing /opt/airflow/dags/dog_api_pipeline.py took 0.064 seconds
[2024-01-27T02:28:34.761+0000] {processor.py:161} INFO - Started process (PID=675) to work on /opt/airflow/dags/dog_api_pipeline.py
[2024-01-27T02:28:34.767+0000] {processor.py:830} INFO - Processing file /opt/airflow/dags/dog_api_pipeline.py for tasks to queue
[2024-01-27T02:28:34.768+0000] {logging_mixin.py:188} INFO - [2024-01-27T02:28:34.768+0000] {dagbag.py:538} INFO - Filling up the DagBag from /opt/airflow/dags/dog_api_pipeline.py
[2024-01-27T02:28:34.777+0000] {processor.py:840} INFO - DAG(s) 'dog_api_pipeline' retrieved from /opt/airflow/dags/dog_api_pipeline.py
[2024-01-27T02:28:34.810+0000] {logging_mixin.py:188} INFO - [2024-01-27T02:28:34.809+0000] {dag.py:3033} INFO - Sync 1 DAGs
[2024-01-27T02:28:34.826+0000] {logging_mixin.py:188} INFO - [2024-01-27T02:28:34.826+0000] {dag.py:3820} INFO - Setting next_dagrun for dog_api_pipeline to None, run_after=None
[2024-01-27T02:28:34.853+0000] {processor.py:183} INFO - Processing /opt/airflow/dags/dog_api_pipeline.py took 0.096 seconds
[2024-01-27T02:29:04.913+0000] {processor.py:161} INFO - Started process (PID=697) to work on /opt/airflow/dags/dog_api_pipeline.py
[2024-01-27T02:29:04.913+0000] {processor.py:830} INFO - Processing file /opt/airflow/dags/dog_api_pipeline.py for tasks to queue
[2024-01-27T02:29:04.914+0000] {logging_mixin.py:188} INFO - [2024-01-27T02:29:04.914+0000] {dagbag.py:538} INFO - Filling up the DagBag from /opt/airflow/dags/dog_api_pipeline.py
[2024-01-27T02:29:04.920+0000] {processor.py:840} INFO - DAG(s) 'dog_api_pipeline' retrieved from /opt/airflow/dags/dog_api_pipeline.py
[2024-01-27T02:29:04.942+0000] {logging_mixin.py:188} INFO - [2024-01-27T02:29:04.942+0000] {dag.py:3033} INFO - Sync 1 DAGs
[2024-01-27T02:29:04.952+0000] {logging_mixin.py:188} INFO - [2024-01-27T02:29:04.952+0000] {dag.py:3820} INFO - Setting next_dagrun for dog_api_pipeline to None, run_after=None
[2024-01-27T02:29:04.971+0000] {processor.py:183} INFO - Processing /opt/airflow/dags/dog_api_pipeline.py took 0.061 seconds
[2024-01-27T02:29:35.113+0000] {processor.py:161} INFO - Started process (PID=719) to work on /opt/airflow/dags/dog_api_pipeline.py
[2024-01-27T02:29:35.114+0000] {processor.py:830} INFO - Processing file /opt/airflow/dags/dog_api_pipeline.py for tasks to queue
[2024-01-27T02:29:35.114+0000] {logging_mixin.py:188} INFO - [2024-01-27T02:29:35.114+0000] {dagbag.py:538} INFO - Filling up the DagBag from /opt/airflow/dags/dog_api_pipeline.py
[2024-01-27T02:29:35.121+0000] {processor.py:840} INFO - DAG(s) 'dog_api_pipeline' retrieved from /opt/airflow/dags/dog_api_pipeline.py
[2024-01-27T02:29:35.142+0000] {logging_mixin.py:188} INFO - [2024-01-27T02:29:35.142+0000] {dag.py:3033} INFO - Sync 1 DAGs
[2024-01-27T02:29:35.153+0000] {logging_mixin.py:188} INFO - [2024-01-27T02:29:35.152+0000] {dag.py:3820} INFO - Setting next_dagrun for dog_api_pipeline to None, run_after=None
[2024-01-27T02:29:35.171+0000] {processor.py:183} INFO - Processing /opt/airflow/dags/dog_api_pipeline.py took 0.061 seconds
[2024-01-27T02:30:05.327+0000] {processor.py:161} INFO - Started process (PID=750) to work on /opt/airflow/dags/dog_api_pipeline.py
[2024-01-27T02:30:05.328+0000] {processor.py:830} INFO - Processing file /opt/airflow/dags/dog_api_pipeline.py for tasks to queue
[2024-01-27T02:30:05.329+0000] {logging_mixin.py:188} INFO - [2024-01-27T02:30:05.329+0000] {dagbag.py:538} INFO - Filling up the DagBag from /opt/airflow/dags/dog_api_pipeline.py
[2024-01-27T02:30:05.343+0000] {processor.py:840} INFO - DAG(s) 'dog_api_pipeline' retrieved from /opt/airflow/dags/dog_api_pipeline.py
[2024-01-27T02:30:05.421+0000] {logging_mixin.py:188} INFO - [2024-01-27T02:30:05.420+0000] {dag.py:3033} INFO - Sync 1 DAGs
[2024-01-27T02:30:05.454+0000] {logging_mixin.py:188} INFO - [2024-01-27T02:30:05.453+0000] {dag.py:3820} INFO - Setting next_dagrun for dog_api_pipeline to None, run_after=None
[2024-01-27T02:30:05.523+0000] {processor.py:183} INFO - Processing /opt/airflow/dags/dog_api_pipeline.py took 0.202 seconds
